[1] "loading:  ./ssteps2/finDemo.env_monster_ica_3_Res.rdata"
# A tibble: 1 x 9
  rowname    Si  S1.w  S2.w  S3.w   S.w   run numSigs numOrig
  <chr>   <dbl> <dbl> <dbl> <dbl> <dbl> <int>   <dbl>   <dbl>
1 S.w     0.938 0.526 0.665 0.531    NA     1       3       2
[1] "evaluate run 1"
[1] "loading:  ./ssteps3/finDemo.env_monster_ica_2_Res.rdata"
# A tibble: 6 x 9
  rowname    Si  S1.w  S2.w   S3.w   S.w   run numSigs numOrig
  <chr>   <dbl> <dbl> <dbl>  <dbl> <dbl> <int>   <dbl>   <dbl>
1 S.w     0.938 0.526 0.665  0.531    NA     1       3       2
2 S.w     0.932 0.710 0.704 NA        NA     1       2       3
3 S.w     0.881 0.763 0.647 NA        NA     2       2       3
4 S.w     0.929 0.703 0.711 NA        NA     3       2       3
5 S.w     0.929 0.708 0.706 NA        NA     4       2       3
6 S.w     0.921 0.699 0.715 NA        NA     5       2       3
[1] "evaluate run 1"
[1] "evaluate run 2"
[1] "evaluate run 3"
[1] "evaluate run 4"
[1] "evaluate run 5"
[1] "loading:  ./ssteps3/finDemo.env_monster_ica_3_Res.rdata"
# A tibble: 11 x 9
   rowname    Si  S1.w   S2.w   S3.w   S.w   run numSigs numOrig
   <chr>   <dbl> <dbl>  <dbl>  <dbl> <dbl> <int>   <dbl>   <dbl>
 1 S.w     0.938 0.526 0.665   0.531    NA     1       3       2
 2 S.w     0.932 0.710 0.704  NA        NA     1       2       3
 3 S.w     0.881 0.763 0.647  NA        NA     2       2       3
 4 S.w     0.929 0.703 0.711  NA        NA     3       2       3
 5 S.w     0.929 0.708 0.706  NA        NA     4       2       3
 6 S.w     0.921 0.699 0.715  NA        NA     5       2       3
 7 S.w     0.957 0.571 0.667   0.479    NA     1       3       3
 8 S.w     0.978 0.607 0.636   0.476    NA     2       3       3
 9 S.w     0.980 0.548 0.584   0.599    NA     3       3       3
10 S.w     0.961 0.455 0.699   0.552    NA     4       3       3
11 S.w     0.644 0.994 0.0418  0.106    NA     5       3       3
[1] "evaluate run 1"
[1] "evaluate run 2"
[1] "evaluate run 3"
[1] "evaluate run 4"
[1] "evaluate run 5"
[1] "loading:  ./ssteps3/finDemo.env_monster_ica_4_Res.rdata"
# A tibble: 12 x 10
   rowname    Si  S1.w   S2.w   S3.w   S.w   run numSigs numOrig   S4.w
   <chr>   <dbl> <dbl>  <dbl>  <dbl> <dbl> <int>   <dbl>   <dbl>  <dbl>
 1 S.w     0.938 0.526 0.665   0.531    NA     1       3       2 NA    
 2 S.w     0.932 0.710 0.704  NA        NA     1       2       3 NA    
 3 S.w     0.881 0.763 0.647  NA        NA     2       2       3 NA    
 4 S.w     0.929 0.703 0.711  NA        NA     3       2       3 NA    
 5 S.w     0.929 0.708 0.706  NA        NA     4       2       3 NA    
 6 S.w     0.921 0.699 0.715  NA        NA     5       2       3 NA    
 7 S.w     0.957 0.571 0.667   0.479    NA     1       3       3 NA    
 8 S.w     0.978 0.607 0.636   0.476    NA     2       3       3 NA    
 9 S.w     0.980 0.548 0.584   0.599    NA     3       3       3 NA    
10 S.w     0.961 0.455 0.699   0.552    NA     4       3       3 NA    
11 S.w     0.644 0.994 0.0418  0.106    NA     5       3       3 NA    
12 S.w     0.896 0.494 0.512   0.482    NA     1       4       3  0.511
[1] "evaluate run 1"
[1] "loading:  ./ssteps3/finDemo.env_monster_ica_5_Res.rdata"
# A tibble: 13 x 11
   rowname    Si  S1.w   S2.w   S3.w   S.w   run numSigs numOrig   S4.w   S5.w
   <chr>   <dbl> <dbl>  <dbl>  <dbl> <dbl> <int>   <dbl>   <dbl>  <dbl>  <dbl>
 1 S.w     0.938 0.526 0.665   0.531    NA     1       3       2 NA     NA    
 2 S.w     0.932 0.710 0.704  NA        NA     1       2       3 NA     NA    
 3 S.w     0.881 0.763 0.647  NA        NA     2       2       3 NA     NA    
 4 S.w     0.929 0.703 0.711  NA        NA     3       2       3 NA     NA    
 5 S.w     0.929 0.708 0.706  NA        NA     4       2       3 NA     NA    
 6 S.w     0.921 0.699 0.715  NA        NA     5       2       3 NA     NA    
 7 S.w     0.957 0.571 0.667   0.479    NA     1       3       3 NA     NA    
 8 S.w     0.978 0.607 0.636   0.476    NA     2       3       3 NA     NA    
 9 S.w     0.980 0.548 0.584   0.599    NA     3       3       3 NA     NA    
10 S.w     0.961 0.455 0.699   0.552    NA     4       3       3 NA     NA    
11 S.w     0.644 0.994 0.0418  0.106    NA     5       3       3 NA     NA    
12 S.w     0.896 0.494 0.512   0.482    NA     1       4       3  0.511 NA    
13 S.w     0.923 0.440 0.448   0.504    NA     1       5       3  0.214  0.553
[1] "evaluate run 1"
[1] "loading:  ./ssteps4/finDemo.env_monster_ica_2_Res.rdata"
# A tibble: 18 x 11
   rowname    Si  S1.w   S2.w   S3.w   S.w   run numSigs numOrig   S4.w   S5.w
   <chr>   <dbl> <dbl>  <dbl>  <dbl> <dbl> <int>   <dbl>   <dbl>  <dbl>  <dbl>
 1 S.w     0.938 0.526 0.665   0.531    NA     1       3       2 NA     NA    
 2 S.w     0.932 0.710 0.704  NA        NA     1       2       3 NA     NA    
 3 S.w     0.881 0.763 0.647  NA        NA     2       2       3 NA     NA    
 4 S.w     0.929 0.703 0.711  NA        NA     3       2       3 NA     NA    
 5 S.w     0.929 0.708 0.706  NA        NA     4       2       3 NA     NA    
 6 S.w     0.921 0.699 0.715  NA        NA     5       2       3 NA     NA    
 7 S.w     0.957 0.571 0.667   0.479    NA     1       3       3 NA     NA    
 8 S.w     0.978 0.607 0.636   0.476    NA     2       3       3 NA     NA    
 9 S.w     0.980 0.548 0.584   0.599    NA     3       3       3 NA     NA    
10 S.w     0.961 0.455 0.699   0.552    NA     4       3       3 NA     NA    
11 S.w     0.644 0.994 0.0418  0.106    NA     5       3       3 NA     NA    
12 S.w     0.896 0.494 0.512   0.482    NA     1       4       3  0.511 NA    
13 S.w     0.923 0.440 0.448   0.504    NA     1       5       3  0.214  0.553
14 S.w     0.794 0.798 0.602  NA        NA     1       2       4 NA     NA    
15 S.w     0.804 0.812 0.583  NA        NA     2       2       4 NA     NA    
16 S.w     0.793 0.602 0.799  NA        NA     3       2       4 NA     NA    
17 S.w     0.792 0.799 0.601  NA        NA     4       2       4 NA     NA    
18 S.w     0.793 0.802 0.597  NA        NA     5       2       4 NA     NA    
[1] "evaluate run 1"
[1] "evaluate run 2"
[1] "evaluate run 3"
[1] "evaluate run 4"
[1] "evaluate run 5"
[1] "loading:  ./ssteps4/finDemo.env_monster_ica_3_Res.rdata"
# A tibble: 22 x 11
   rowname    Si  S1.w   S2.w   S3.w   S.w   run numSigs numOrig   S4.w   S5.w
   <chr>   <dbl> <dbl>  <dbl>  <dbl> <dbl> <int>   <dbl>   <dbl>  <dbl>  <dbl>
 1 S.w     0.938 0.526 0.665   0.531    NA     1       3       2 NA     NA    
 2 S.w     0.932 0.710 0.704  NA        NA     1       2       3 NA     NA    
 3 S.w     0.881 0.763 0.647  NA        NA     2       2       3 NA     NA    
 4 S.w     0.929 0.703 0.711  NA        NA     3       2       3 NA     NA    
 5 S.w     0.929 0.708 0.706  NA        NA     4       2       3 NA     NA    
 6 S.w     0.921 0.699 0.715  NA        NA     5       2       3 NA     NA    
 7 S.w     0.957 0.571 0.667   0.479    NA     1       3       3 NA     NA    
 8 S.w     0.978 0.607 0.636   0.476    NA     2       3       3 NA     NA    
 9 S.w     0.980 0.548 0.584   0.599    NA     3       3       3 NA     NA    
10 S.w     0.961 0.455 0.699   0.552    NA     4       3       3 NA     NA    
11 S.w     0.644 0.994 0.0418  0.106    NA     5       3       3 NA     NA    
12 S.w     0.896 0.494 0.512   0.482    NA     1       4       3  0.511 NA    
13 S.w     0.923 0.440 0.448   0.504    NA     1       5       3  0.214  0.553
14 S.w     0.794 0.798 0.602  NA        NA     1       2       4 NA     NA    
15 S.w     0.804 0.812 0.583  NA        NA     2       2       4 NA     NA    
16 S.w     0.793 0.602 0.799  NA        NA     3       2       4 NA     NA    
17 S.w     0.792 0.799 0.601  NA        NA     4       2       4 NA     NA    
18 S.w     0.793 0.802 0.597  NA        NA     5       2       4 NA     NA    
19 S.w     0.775 0.586 0.562   0.584    NA     1       3       4 NA     NA    
20 S.w     0.735 0.573 0.570   0.589    NA     2       3       4 NA     NA    
21 S.w     0.768 0.559 0.614   0.557    NA     3       3       4 NA     NA    
22 S.w     0.742 0.578 0.592   0.561    NA     4       3       4 NA     NA    
[1] "evaluate run 1"
[1] "evaluate run 2"
[1] "evaluate run 3"
[1] "evaluate run 4"
[1] "loading:  ./ssteps4/finDemo.env_monster_ica_4_Res.rdata"
# A tibble: 25 x 11
   rowname    Si  S1.w   S2.w   S3.w   S.w   run numSigs numOrig   S4.w   S5.w
   <chr>   <dbl> <dbl>  <dbl>  <dbl> <dbl> <int>   <dbl>   <dbl>  <dbl>  <dbl>
 1 S.w     0.938 0.526 0.665   0.531    NA     1       3       2 NA     NA    
 2 S.w     0.932 0.710 0.704  NA        NA     1       2       3 NA     NA    
 3 S.w     0.881 0.763 0.647  NA        NA     2       2       3 NA     NA    
 4 S.w     0.929 0.703 0.711  NA        NA     3       2       3 NA     NA    
 5 S.w     0.929 0.708 0.706  NA        NA     4       2       3 NA     NA    
 6 S.w     0.921 0.699 0.715  NA        NA     5       2       3 NA     NA    
 7 S.w     0.957 0.571 0.667   0.479    NA     1       3       3 NA     NA    
 8 S.w     0.978 0.607 0.636   0.476    NA     2       3       3 NA     NA    
 9 S.w     0.980 0.548 0.584   0.599    NA     3       3       3 NA     NA    
10 S.w     0.961 0.455 0.699   0.552    NA     4       3       3 NA     NA    
11 S.w     0.644 0.994 0.0418  0.106    NA     5       3       3 NA     NA    
12 S.w     0.896 0.494 0.512   0.482    NA     1       4       3  0.511 NA    
13 S.w     0.923 0.440 0.448   0.504    NA     1       5       3  0.214  0.553
14 S.w     0.794 0.798 0.602  NA        NA     1       2       4 NA     NA    
15 S.w     0.804 0.812 0.583  NA        NA     2       2       4 NA     NA    
16 S.w     0.793 0.602 0.799  NA        NA     3       2       4 NA     NA    
17 S.w     0.792 0.799 0.601  NA        NA     4       2       4 NA     NA    
18 S.w     0.793 0.802 0.597  NA        NA     5       2       4 NA     NA    
19 S.w     0.775 0.586 0.562   0.584    NA     1       3       4 NA     NA    
20 S.w     0.735 0.573 0.570   0.589    NA     2       3       4 NA     NA    
21 S.w     0.768 0.559 0.614   0.557    NA     3       3       4 NA     NA    
22 S.w     0.742 0.578 0.592   0.561    NA     4       3       4 NA     NA    
23 S.w     0.923 0.504 0.509   0.492    NA     1       4       4  0.494 NA    
24 S.w     0.929 0.476 0.488   0.484    NA     2       4       4  0.548 NA    
25 S.w     0.910 0.514 0.511   0.491    NA     3       4       4  0.484 NA    
[1] "evaluate run 1"
[1] "evaluate run 2"
[1] "evaluate run 3"
[1] "loading:  ./ssteps4/finDemo.env_monster_ica_5_Res.rdata"
# A tibble: 26 x 11
   rowname    Si   S1.w   S2.w   S3.w   S.w   run numSigs numOrig   S4.w   S5.w
   <chr>   <dbl>  <dbl>  <dbl>  <dbl> <dbl> <int>   <dbl>   <dbl>  <dbl>  <dbl>
 1 S.w     0.938 0.526  0.665   0.531    NA     1       3       2 NA     NA    
 2 S.w     0.932 0.710  0.704  NA        NA     1       2       3 NA     NA    
 3 S.w     0.881 0.763  0.647  NA        NA     2       2       3 NA     NA    
 4 S.w     0.929 0.703  0.711  NA        NA     3       2       3 NA     NA    
 5 S.w     0.929 0.708  0.706  NA        NA     4       2       3 NA     NA    
 6 S.w     0.921 0.699  0.715  NA        NA     5       2       3 NA     NA    
 7 S.w     0.957 0.571  0.667   0.479    NA     1       3       3 NA     NA    
 8 S.w     0.978 0.607  0.636   0.476    NA     2       3       3 NA     NA    
 9 S.w     0.980 0.548  0.584   0.599    NA     3       3       3 NA     NA    
10 S.w     0.961 0.455  0.699   0.552    NA     4       3       3 NA     NA    
11 S.w     0.644 0.994  0.0418  0.106    NA     5       3       3 NA     NA    
12 S.w     0.896 0.494  0.512   0.482    NA     1       4       3  0.511 NA    
13 S.w     0.923 0.440  0.448   0.504    NA     1       5       3  0.214  0.553
14 S.w     0.794 0.798  0.602  NA        NA     1       2       4 NA     NA    
15 S.w     0.804 0.812  0.583  NA        NA     2       2       4 NA     NA    
16 S.w     0.793 0.602  0.799  NA        NA     3       2       4 NA     NA    
17 S.w     0.792 0.799  0.601  NA        NA     4       2       4 NA     NA    
18 S.w     0.793 0.802  0.597  NA        NA     5       2       4 NA     NA    
19 S.w     0.775 0.586  0.562   0.584    NA     1       3       4 NA     NA    
20 S.w     0.735 0.573  0.570   0.589    NA     2       3       4 NA     NA    
21 S.w     0.768 0.559  0.614   0.557    NA     3       3       4 NA     NA    
22 S.w     0.742 0.578  0.592   0.561    NA     4       3       4 NA     NA    
23 S.w     0.923 0.504  0.509   0.492    NA     1       4       4  0.494 NA    
24 S.w     0.929 0.476  0.488   0.484    NA     2       4       4  0.548 NA    
25 S.w     0.910 0.514  0.511   0.491    NA     3       4       4  0.484 NA    
26 S.w     0.852 0.0467 0.478   0.505    NA     1       5       4  0.560  0.448
[1] "evaluate run 1"
[1] "loading:  ./ssteps5/finDemo.env_monster_ica_4_Res.rdata"
# A tibble: 27 x 11
   rowname    Si   S1.w   S2.w   S3.w   S.w   run numSigs numOrig   S4.w   S5.w
   <chr>   <dbl>  <dbl>  <dbl>  <dbl> <dbl> <int>   <dbl>   <dbl>  <dbl>  <dbl>
 1 S.w     0.938 0.526  0.665   0.531    NA     1       3       2 NA     NA    
 2 S.w     0.932 0.710  0.704  NA        NA     1       2       3 NA     NA    
 3 S.w     0.881 0.763  0.647  NA        NA     2       2       3 NA     NA    
 4 S.w     0.929 0.703  0.711  NA        NA     3       2       3 NA     NA    
 5 S.w     0.929 0.708  0.706  NA        NA     4       2       3 NA     NA    
 6 S.w     0.921 0.699  0.715  NA        NA     5       2       3 NA     NA    
 7 S.w     0.957 0.571  0.667   0.479    NA     1       3       3 NA     NA    
 8 S.w     0.978 0.607  0.636   0.476    NA     2       3       3 NA     NA    
 9 S.w     0.980 0.548  0.584   0.599    NA     3       3       3 NA     NA    
10 S.w     0.961 0.455  0.699   0.552    NA     4       3       3 NA     NA    
11 S.w     0.644 0.994  0.0418  0.106    NA     5       3       3 NA     NA    
12 S.w     0.896 0.494  0.512   0.482    NA     1       4       3  0.511 NA    
13 S.w     0.923 0.440  0.448   0.504    NA     1       5       3  0.214  0.553
14 S.w     0.794 0.798  0.602  NA        NA     1       2       4 NA     NA    
15 S.w     0.804 0.812  0.583  NA        NA     2       2       4 NA     NA    
16 S.w     0.793 0.602  0.799  NA        NA     3       2       4 NA     NA    
17 S.w     0.792 0.799  0.601  NA        NA     4       2       4 NA     NA    
18 S.w     0.793 0.802  0.597  NA        NA     5       2       4 NA     NA    
19 S.w     0.775 0.586  0.562   0.584    NA     1       3       4 NA     NA    
20 S.w     0.735 0.573  0.570   0.589    NA     2       3       4 NA     NA    
21 S.w     0.768 0.559  0.614   0.557    NA     3       3       4 NA     NA    
22 S.w     0.742 0.578  0.592   0.561    NA     4       3       4 NA     NA    
23 S.w     0.923 0.504  0.509   0.492    NA     1       4       4  0.494 NA    
24 S.w     0.929 0.476  0.488   0.484    NA     2       4       4  0.548 NA    
25 S.w     0.910 0.514  0.511   0.491    NA     3       4       4  0.484 NA    
26 S.w     0.852 0.0467 0.478   0.505    NA     1       5       4  0.560  0.448
27 S.w     0.828 0.397  0.564   0.508    NA     1       4       5  0.516 NA    
[1] "evaluate run 1"
[1] "loading:  ./ssteps5/finDemo.env_monster_ica_5_Res.rdata"
# A tibble: 28 x 11
   rowname    Si   S1.w   S2.w   S3.w   S.w   run numSigs numOrig   S4.w   S5.w
   <chr>   <dbl>  <dbl>  <dbl>  <dbl> <dbl> <int>   <dbl>   <dbl>  <dbl>  <dbl>
 1 S.w     0.938 0.526  0.665   0.531    NA     1       3       2 NA     NA    
 2 S.w     0.932 0.710  0.704  NA        NA     1       2       3 NA     NA    
 3 S.w     0.881 0.763  0.647  NA        NA     2       2       3 NA     NA    
 4 S.w     0.929 0.703  0.711  NA        NA     3       2       3 NA     NA    
 5 S.w     0.929 0.708  0.706  NA        NA     4       2       3 NA     NA    
 6 S.w     0.921 0.699  0.715  NA        NA     5       2       3 NA     NA    
 7 S.w     0.957 0.571  0.667   0.479    NA     1       3       3 NA     NA    
 8 S.w     0.978 0.607  0.636   0.476    NA     2       3       3 NA     NA    
 9 S.w     0.980 0.548  0.584   0.599    NA     3       3       3 NA     NA    
10 S.w     0.961 0.455  0.699   0.552    NA     4       3       3 NA     NA    
11 S.w     0.644 0.994  0.0418  0.106    NA     5       3       3 NA     NA    
12 S.w     0.896 0.494  0.512   0.482    NA     1       4       3  0.511 NA    
13 S.w     0.923 0.440  0.448   0.504    NA     1       5       3  0.214  0.553
14 S.w     0.794 0.798  0.602  NA        NA     1       2       4 NA     NA    
15 S.w     0.804 0.812  0.583  NA        NA     2       2       4 NA     NA    
16 S.w     0.793 0.602  0.799  NA        NA     3       2       4 NA     NA    
17 S.w     0.792 0.799  0.601  NA        NA     4       2       4 NA     NA    
18 S.w     0.793 0.802  0.597  NA        NA     5       2       4 NA     NA    
19 S.w     0.775 0.586  0.562   0.584    NA     1       3       4 NA     NA    
20 S.w     0.735 0.573  0.570   0.589    NA     2       3       4 NA     NA    
21 S.w     0.768 0.559  0.614   0.557    NA     3       3       4 NA     NA    
22 S.w     0.742 0.578  0.592   0.561    NA     4       3       4 NA     NA    
23 S.w     0.923 0.504  0.509   0.492    NA     1       4       4  0.494 NA    
24 S.w     0.929 0.476  0.488   0.484    NA     2       4       4  0.548 NA    
25 S.w     0.910 0.514  0.511   0.491    NA     3       4       4  0.484 NA    
26 S.w     0.852 0.0467 0.478   0.505    NA     1       5       4  0.560  0.448
27 S.w     0.828 0.397  0.564   0.508    NA     1       4       5  0.516 NA    
28 S.w     0.888 0.449  0.503   0.320    NA     1       5       5  0.633  0.205
[1] "evaluate run 1"
